<?xml version="1.0" encoding="UTF-8"?>
<testng-results skipped="0" failed="0" total="2" passed="2">
  <reporter-output>
  </reporter-output>
  <suite name="SmokeSuite" duration-ms="41849" started-at="2016-09-15T05:52:22Z" finished-at="2016-09-15T05:53:04Z">
    <groups>
    </groups>
    <test name="run on device 1" duration-ms="38406" started-at="2016-09-15T05:52:22Z" finished-at="2016-09-15T05:53:01Z">
      <class name="com.appium.test.ParallelTest">
        <test-method status="PASS" signature="testsetup(java.lang.String, java.lang.String)[pri:0, instance:com.appium.test.ParallelTest@42d3bd8b]" name="testsetup" is-config="true" duration-ms="12550" started-at="2016-09-15T13:52:22Z" finished-at="2016-09-15T13:52:35Z">
          <params>
            <param index="0">
              <value>
                <![CDATA[4723]]>
              </value>
            </param>
            <param index="1">
              <value>
                <![CDATA[7N2RDQ1496009372]]>
              </value>
            </param>
          </params>
          <reporter-output>
          </reporter-output>
        </test-method> <!-- testsetup -->
        <test-method status="PASS" signature="Login()[pri:0, instance:com.appium.test.ParallelTest@42d3bd8b]" name="Login" duration-ms="24691" started-at="2016-09-15T13:52:35Z" finished-at="2016-09-15T13:52:59Z">
          <reporter-output>
          </reporter-output>
        </test-method> <!-- Login -->
        <test-method status="PASS" signature="quit()[pri:0, instance:com.appium.test.ParallelTest@42d3bd8b]" name="quit" is-config="true" duration-ms="1162" started-at="2016-09-15T13:52:59Z" finished-at="2016-09-15T13:53:01Z">
          <reporter-output>
          </reporter-output>
        </test-method> <!-- quit -->
      </class> <!-- com.appium.test.ParallelTest -->
    </test> <!-- run on device 1 -->
    <test name="run on device 2" duration-ms="41849" started-at="2016-09-15T05:52:22Z" finished-at="2016-09-15T05:53:04Z">
      <class name="com.appium.test.ParallelTest">
        <test-method status="PASS" signature="testsetup(java.lang.String, java.lang.String)[pri:0, instance:com.appium.test.ParallelTest@36f6e879]" name="testsetup" is-config="true" duration-ms="8514" started-at="2016-09-15T13:52:22Z" finished-at="2016-09-15T13:52:31Z">
          <params>
            <param index="0">
              <value>
                <![CDATA[4725]]>
              </value>
            </param>
            <param index="1">
              <value>
                <![CDATA[Coolpad8750-0xa36065]]>
              </value>
            </param>
          </params>
          <reporter-output>
          </reporter-output>
        </test-method> <!-- testsetup -->
        <test-method status="PASS" signature="Login()[pri:0, instance:com.appium.test.ParallelTest@36f6e879]" name="Login" duration-ms="31502" started-at="2016-09-15T13:52:31Z" finished-at="2016-09-15T13:53:02Z">
          <reporter-output>
          </reporter-output>
        </test-method> <!-- Login -->
        <test-method status="PASS" signature="quit()[pri:0, instance:com.appium.test.ParallelTest@36f6e879]" name="quit" is-config="true" duration-ms="1823" started-at="2016-09-15T13:53:02Z" finished-at="2016-09-15T13:53:04Z">
          <reporter-output>
          </reporter-output>
        </test-method> <!-- quit -->
      </class> <!-- com.appium.test.ParallelTest -->
    </test> <!-- run on device 2 -->
  </suite> <!-- SmokeSuite -->
</testng-results>
